-----------------------------构建第1颗树-----------------------------
--树的深度：0
('----划分特征：', 'AttandanceRate')
------划分值:1.000,左节点损失:0.833,右节点损失:0.000,总损失:0.833
------划分值:0.700,左节点损失:0.000,右节点损失:0.800,总损失:0.800
------划分值:0.600,左节点损失:0.000,右节点损失:0.857,总损失:0.857
------划分值:0.650,左节点损失:0.000,右节点损失:0.833,总损失:0.833
------划分值:0.800,左节点损失:0.667,右节点损失:0.000,总损失:0.667
------划分值:0.910,左节点损失:0.800,右节点损失:0.000,总损失:0.800
('----划分特征：', 'AnswerNums')
------划分值:6.000,左节点损失:0.000,右节点损失:0.857,总损失:0.857
------划分值:9.000,左节点损失:0.000,右节点损失:0.833,总损失:0.833
------划分值:10.000,左节点损失:0.500,右节点损失:0.000,总损失:0.500
------划分值:11.000,左节点损失:0.667,右节点损失:0.000,总损失:0.667
------划分值:12.000,左节点损失:0.750,右节点损失:0.000,总损失:0.750
------划分值:13.000,左节点损失:0.800,右节点损失:0.000,总损失:0.800
------划分值:14.000,左节点损失:0.833,右节点损失:0.000,总损失:0.833
('----划分特征：', 'HomeworkRate')
------划分值:1.000,左节点损失:0.800,右节点损失:0.000,总损失:0.800
------划分值:0.800,左节点损失:0.000,右节点损失:0.857,总损失:0.857
------划分值:0.850,左节点损失:0.500,右节点损失:0.000,总损失:0.500
------划分值:0.950,左节点损失:0.667,右节点损失:0.000,总损失:0.667
------划分值:0.980,左节点损失:0.750,右节点损失:0.000,总损失:0.750
('--最佳划分特征：', 'AnswerNums')
('--最佳划分值：', 10.0)
--树的深度：1
('----划分特征：', 'AttandanceRate')
------划分值:1.000,左节点损失:0.000,右节点损失:0.000,总损失:0.000
------划分值:0.700,左节点损失:0.000,右节点损失:0.500,总损失:0.500
('----划分特征：', 'AnswerNums')
------划分值:6.000,左节点损失:0.000,右节点损失:0.500,总损失:0.500
------划分值:9.000,左节点损失:0.000,右节点损失:0.000,总损失:0.000
('----划分特征：', 'HomeworkRate')
------划分值:1.000,左节点损失:0.000,右节点损失:0.000,总损失:0.000
------划分值:0.800,左节点损失:0.000,右节点损失:0.500,总损失:0.500
('--最佳划分特征：', 'AttandanceRate')
('--最佳划分值：', 1.0)
('叶子节点预测值：', -6.999999999999997)
('叶子节点预测值：', 1.1666666666666667)
('叶子节点预测值：', 1.1666666666666665)
第1棵树: log-likelihood:30.4618
