-----------------------------构建第2颗树-----------------------------
--树的深度：0
('----划分特征：', 'AttandanceRate')
------划分值:1.000,左节点损失:0.642,右节点损失:0.000,总损失:0.642
------划分值:0.700,左节点损失:0.000,右节点损失:0.617,总损失:0.617
------划分值:0.600,左节点损失:0.000,右节点损失:0.661,总损失:0.661
------划分值:0.650,左节点损失:0.000,右节点损失:0.642,总损失:0.642
------划分值:0.800,左节点损失:0.514,右节点损失:0.000,总损失:0.514
------划分值:0.910,左节点损失:0.617,右节点损失:0.000,总损失:0.617
('----划分特征：', 'AnswerNums')
------划分值:6.000,左节点损失:0.000,右节点损失:0.661,总损失:0.661
------划分值:9.000,左节点损失:0.000,右节点损失:0.642,总损失:0.642
------划分值:10.000,左节点损失:0.385,右节点损失:0.000,总损失:0.385
------划分值:11.000,左节点损失:0.514,右节点损失:0.000,总损失:0.514
------划分值:12.000,左节点损失:0.578,右节点损失:0.000,总损失:0.578
------划分值:13.000,左节点损失:0.617,右节点损失:0.000,总损失:0.617
------划分值:14.000,左节点损失:0.642,右节点损失:0.000,总损失:0.642
('----划分特征：', 'HomeworkRate')
------划分值:1.000,左节点损失:0.617,右节点损失:0.000,总损失:0.617
------划分值:0.800,左节点损失:0.000,右节点损失:0.661,总损失:0.661
------划分值:0.850,左节点损失:0.385,右节点损失:0.000,总损失:0.385
------划分值:0.950,左节点损失:0.514,右节点损失:0.000,总损失:0.514
------划分值:0.980,左节点损失:0.578,右节点损失:0.000,总损失:0.578
('--最佳划分特征：', 'AnswerNums')
('--最佳划分值：', 10.0)
--树的深度：1
('----划分特征：', 'AttandanceRate')
------划分值:1.000,左节点损失:0.000,右节点损失:0.000,总损失:0.000
------划分值:0.700,左节点损失:0.000,右节点损失:0.385,总损失:0.385
('----划分特征：', 'AnswerNums')
------划分值:6.000,左节点损失:0.000,右节点损失:0.385,总损失:0.385
------划分值:9.000,左节点损失:0.000,右节点损失:0.000,总损失:0.000
('----划分特征：', 'HomeworkRate')
------划分值:1.000,左节点损失:0.000,右节点损失:0.000,总损失:0.000
------划分值:0.800,左节点损失:0.000,右节点损失:0.385,总损失:0.385
('--最佳划分特征：', 'AttandanceRate')
('--最佳划分值：', 1.0)
('叶子节点预测值：', -3.979511822748457)
('叶子节点预测值：', 1.148313628498004)
('叶子节点预测值：', 1.148313628498004)
第2棵树: log-likelihood:33.3284
