-----------------------------构建第3颗树-----------------------------
--树的深度：0
('----划分特征：', 'AttandanceRate')
------划分值:1.000,左节点损失:0.512,右节点损失:0.000,总损失:0.512
------划分值:0.700,左节点损失:0.000,右节点损失:0.491,总损失:0.491
------划分值:0.600,左节点损失:0.000,右节点损失:0.526,总损失:0.526
------划分值:0.650,左节点损失:0.000,右节点损失:0.512,总损失:0.512
------划分值:0.800,左节点损失:0.409,右节点损失:0.000,总损失:0.409
------划分值:0.910,左节点损失:0.491,右节点损失:0.000,总损失:0.491
('----划分特征：', 'AnswerNums')
------划分值:6.000,左节点损失:0.000,右节点损失:0.526,总损失:0.526
------划分值:9.000,左节点损失:0.000,右节点损失:0.512,总损失:0.512
------划分值:10.000,左节点损失:0.307,右节点损失:0.000,总损失:0.307
------划分值:11.000,左节点损失:0.409,右节点损失:0.000,总损失:0.409
------划分值:12.000,左节点损失:0.461,右节点损失:0.000,总损失:0.461
------划分值:13.000,左节点损失:0.491,右节点损失:0.000,总损失:0.491
------划分值:14.000,左节点损失:0.512,右节点损失:0.000,总损失:0.512
('----划分特征：', 'HomeworkRate')
------划分值:1.000,左节点损失:0.491,右节点损失:0.000,总损失:0.491
------划分值:0.800,左节点损失:0.000,右节点损失:0.526,总损失:0.526
------划分值:0.850,左节点损失:0.307,右节点损失:0.000,总损失:0.307
------划分值:0.950,左节点损失:0.409,右节点损失:0.000,总损失:0.409
------划分值:0.980,左节点损失:0.461,右节点损失:0.000,总损失:0.461
('--最佳划分特征：', 'AnswerNums')
('--最佳划分值：', 10.0)
--树的深度：1
('----划分特征：', 'AttandanceRate')
------划分值:1.000,左节点损失:0.000,右节点损失:0.000,总损失:0.000
------划分值:0.700,左节点损失:0.000,右节点损失:0.307,总损失:0.307
('----划分特征：', 'AnswerNums')
------划分值:6.000,左节点损失:0.000,右节点损失:0.307,总损失:0.307
------划分值:9.000,左节点损失:0.000,右节点损失:0.000,总损失:0.000
('----划分特征：', 'HomeworkRate')
------划分值:1.000,左节点损失:0.000,右节点损失:0.000,总损失:0.000
------划分值:0.800,左节点损失:0.000,右节点损失:0.307,总损失:0.307
('--最佳划分特征：', 'AttandanceRate')
('--最佳划分值：', 1.0)
('叶子节点预测值：', -3.0013226499445227)
('叶子节点预测值：', 1.1322240431288968)
('叶子节点预测值：', 1.1322240431288968)
第3棵树: log-likelihood:36.9562
