-----------------------------构建第4颗树-----------------------------
--树的深度：0
('----划分特征：', 'AttandanceRate')
------划分值:1.000,左节点损失:0.412,右节点损失:0.000,总损失:0.412
------划分值:0.700,左节点损失:0.000,右节点损失:0.395,总损失:0.395
------划分值:0.600,左节点损失:0.000,右节点损失:0.423,总损失:0.423
------划分值:0.650,左节点损失:0.000,右节点损失:0.412,总损失:0.412
------划分值:0.800,左节点损失:0.329,右节点损失:0.000,总损失:0.329
------划分值:0.910,左节点损失:0.395,右节点损失:0.000,总损失:0.395
('----划分特征：', 'AnswerNums')
------划分值:6.000,左节点损失:0.000,右节点损失:0.423,总损失:0.423
------划分值:9.000,左节点损失:0.000,右节点损失:0.412,总损失:0.412
------划分值:10.000,左节点损失:0.247,右节点损失:0.000,总损失:0.247
------划分值:11.000,左节点损失:0.329,右节点损失:0.000,总损失:0.329
------划分值:12.000,左节点损失:0.370,右节点损失:0.000,总损失:0.370
------划分值:13.000,左节点损失:0.395,右节点损失:0.000,总损失:0.395
------划分值:14.000,左节点损失:0.412,右节点损失:0.000,总损失:0.412
('----划分特征：', 'HomeworkRate')
------划分值:1.000,左节点损失:0.395,右节点损失:0.000,总损失:0.395
------划分值:0.800,左节点损失:0.000,右节点损失:0.423,总损失:0.423
------划分值:0.850,左节点损失:0.247,右节点损失:0.000,总损失:0.247
------划分值:0.950,左节点损失:0.329,右节点损失:0.000,总损失:0.329
------划分值:0.980,左节点损失:0.370,右节点损失:0.000,总损失:0.370
('--最佳划分特征：', 'AnswerNums')
('--最佳划分值：', 10.0)
--树的深度：1
('----划分特征：', 'AttandanceRate')
------划分值:1.000,左节点损失:0.000,右节点损失:0.000,总损失:0.000
------划分值:0.700,左节点损失:0.000,右节点损失:0.247,总损失:0.247
('----划分特征：', 'AnswerNums')
------划分值:6.000,左节点损失:0.000,右节点损失:0.247,总损失:0.247
------划分值:9.000,左节点损失:0.000,右节点损失:0.000,总损失:0.000
('----划分特征：', 'HomeworkRate')
------划分值:1.000,左节点损失:0.000,右节点损失:0.000,总损失:0.000
------划分值:0.800,左节点损失:0.000,右节点损失:0.247,总损失:0.247
('--最佳划分特征：', 'AttandanceRate')
('--最佳划分值：', 1.0)
('叶子节点预测值：', -2.482420199275166)
('叶子节点预测值：', 1.118069729266474)
('叶子节点预测值：', 1.118069729266474)
第4棵树: log-likelihood:41.1804
