-----------------------------构建第5颗树-----------------------------
--树的深度：0
('----划分特征：', 'AttandanceRate')
------划分值:1.000,左节点损失:0.333,右节点损失:0.000,总损失:0.333
------划分值:0.700,左节点损失:0.000,右节点损失:0.319,总损失:0.319
------划分值:0.600,左节点损失:0.000,右节点损失:0.342,总损失:0.342
------划分值:0.650,左节点损失:0.000,右节点损失:0.333,总损失:0.333
------划分值:0.800,左节点损失:0.266,右节点损失:0.000,总损失:0.266
------划分值:0.910,左节点损失:0.319,右节点损失:0.000,总损失:0.319
('----划分特征：', 'AnswerNums')
------划分值:6.000,左节点损失:0.000,右节点损失:0.342,总损失:0.342
------划分值:9.000,左节点损失:0.000,右节点损失:0.333,总损失:0.333
------划分值:10.000,左节点损失:0.200,右节点损失:0.000,总损失:0.200
------划分值:11.000,左节点损失:0.266,右节点损失:0.000,总损失:0.266
------划分值:12.000,左节点损失:0.299,右节点损失:0.000,总损失:0.299
------划分值:13.000,左节点损失:0.319,右节点损失:0.000,总损失:0.319
------划分值:14.000,左节点损失:0.333,右节点损失:0.000,总损失:0.333
('----划分特征：', 'HomeworkRate')
------划分值:1.000,左节点损失:0.319,右节点损失:0.000,总损失:0.319
------划分值:0.800,左节点损失:0.000,右节点损失:0.342,总损失:0.342
------划分值:0.850,左节点损失:0.200,右节点损失:0.000,总损失:0.200
------划分值:0.950,左节点损失:0.266,右节点损失:0.000,总损失:0.266
------划分值:0.980,左节点损失:0.299,右节点损失:0.000,总损失:0.299
('--最佳划分特征：', 'AnswerNums')
('--最佳划分值：', 10.0)
--树的深度：1
('----划分特征：', 'AttandanceRate')
------划分值:1.000,左节点损失:0.000,右节点损失:0.000,总损失:0.000
------划分值:0.700,左节点损失:0.000,右节点损失:0.200,总损失:0.200
('----划分特征：', 'AnswerNums')
------划分值:6.000,左节点损失:0.000,右节点损失:0.200,总损失:0.200
------划分值:9.000,左节点损失:0.000,右节点损失:0.000,总损失:0.000
('----划分特征：', 'HomeworkRate')
------划分值:1.000,左节点损失:0.000,右节点损失:0.000,总损失:0.000
------划分值:0.800,左节点损失:0.000,右节点损失:0.200,总损失:0.200
('--最佳划分特征：', 'AttandanceRate')
('--最佳划分值：', 1.0)
('叶子节点预测值：', -2.1565414026799785)
('叶子节点预测值：', 1.1055799412555796)
('叶子节点预测值：', 1.1055799412555796)
第5棵树: log-likelihood:45.9762
