   Score  AttandanceRate  AnswerNums  HomeworkRate  label       f_0     res_1  \
0   89.0            1.00         6.0          1.00    1.0  1.791759  0.142857   
1   95.0            0.70         9.0          0.80    0.0  1.791759 -0.857143   
2   98.0            0.60        10.0          0.80    1.0  1.791759  0.142857   
3   92.0            0.65        11.0          1.00    1.0  1.791759  0.142857   
4   91.0            0.80        12.0          0.85    1.0  1.791759  0.142857   
5   85.0            0.80        13.0          0.95    1.0  1.791759  0.142857   
6   85.0            0.91        14.0          0.98    1.0  1.791759  0.142857   

        f_1     res_2       f_2     res_3       f_3     res_4       f_4  \
0  1.908426  0.129158  2.023257  0.116783  2.136480  0.105601  2.248287   
1  1.091759 -0.748713  0.693808 -0.666814  0.393676 -0.597167  0.145434   
2  1.908426  0.129158  2.023257  0.116783  2.136480  0.105601  2.248287   
3  1.908426  0.129158  2.023257  0.116783  2.136480  0.105601  2.248287   
4  1.908426  0.129158  2.023257  0.116783  2.136480  0.105601  2.248287   
5  1.908426  0.129158  2.023257  0.116783  2.136480  0.105601  2.248287   
6  1.908426  0.129158  2.023257  0.116783  2.136480  0.105601  2.248287   

      res_5       f_5  
0  0.095497  2.358845  
1 -0.536295 -0.070220  
2  0.095497  2.358845  
3  0.095497  2.358845  
4  0.095497  2.358845  
5  0.095497  2.358845  
6  0.095497  2.358845  
('predict:', 1.1666666666666667)
('predict:', -6.999999999999997)
('predict:', -6.999999999999997)
('predict:', 1.148313628498004)
('predict:', -3.979511822748457)
('predict:', -3.979511822748457)
('predict:', 1.1322240431288968)
('predict:', -3.0013226499445227)
('predict:', -3.0013226499445227)
('predict:', 1.118069729266474)
('predict:', -2.482420199275166)
('predict:', -2.482420199275166)
('predict:', 1.1055799412555796)
('predict:', -2.1565414026799785)
('predict:', -2.1565414026799785)
0    0.913635
1    0.482452
2    0.482452
Name: predict_proba, dtype: float64
0    1
1    0
2    0
Name: predict_label, dtype: int64
